#
# There is insufficient memory for the Java Runtime Environment to continue.
# Native memory allocation (malloc) failed to allocate 32744 bytes for ChunkPool::allocate
# Possible reasons:
#   The system is out of physical RAM or swap space
#   The process is running with CompressedOops enabled, and the Java Heap may be blocking the growth of the native heap
# Possible solutions:
#   Reduce memory load on the system
#   Increase physical memory or swap space
#   Check if swap backing store is full
#   Decrease Java heap size (-Xmx/-Xms)
#   Decrease number of Java threads
#   Decrease Java thread stack sizes (-Xss)
#   Set larger code cache with -XX:ReservedCodeCacheSize=
#   JVM is running with Unscaled Compressed Oops mode in which the Java heap is
#     placed in the first 4GB address space. The Java Heap base address is the
#     maximum limit for the native heap growth. Please use -XX:HeapBaseMinAddress
#     to set the Java Heap base and to place the Java Heap above 4GB virtual address.
# This output file may be truncated or incomplete.
#
#  Out of Memory Error (allocation.cpp:272), pid=5916, tid=0x0000000000001808
#
# JRE version: OpenJDK Runtime Environment (8.0_212-b04) (build 1.8.0_212-release-1586-b04)
# Java VM: OpenJDK 64-Bit Server VM (25.212-b04 mixed mode windows-amd64 compressed oops)
# Failed to write core dump. Minidumps are not enabled by default on client versions of Windows
#

---------------  T H R E A D  ---------------

Current thread (0x000000001849e800):  JavaThread "C2 CompilerThread1" daemon [_thread_in_native, id=6152, stack(0x0000000018e80000,0x0000000018f80000)]

Stack: [0x0000000018e80000,0x0000000018f80000]
[error occurred during error reporting (printing stack bounds), id 0xc0000005]

Native frames: (J=compiled Java code, j=interpreted, Vv=VM code, C=native code)


Current CompileTask:
C2:3822922 9029   !   4       org.gradle.api.internal.attributes.DefaultImmutableAttributesFactory::doConcatIsolatable (146 bytes)


---------------  P R O C E S S  ---------------

Java Threads: ( => current thread )
  0x000000001dc32800 JavaThread "Cache worker for cache directory md-rule (C:\Users\prajw\.gradle\caches\5.6.4\md-rule)" [_thread_blocked, id=9644, stack(0x0000000026f60000,0x0000000027060000)]
  0x000000001dc27000 JavaThread "Cache worker for cache directory md-supplier (C:\Users\prajw\.gradle\caches\5.6.4\md-supplier)" [_thread_blocked, id=9616, stack(0x0000000026e60000,0x0000000026f60000)]
  0x000000001dc2e000 JavaThread "Cache worker for file hash cache (E:\Android Studio Projects\LyricsFinderApp\.gradle\5.6.4\fileHashes)" [_thread_blocked, id=832, stack(0x0000000026d60000,0x0000000026e60000)]
  0x000000001dc2d000 JavaThread "Thread-32" [_thread_blocked, id=7232, stack(0x0000000026c60000,0x0000000026d60000)]
  0x000000001dc25800 JavaThread "Stdin handler" [_thread_blocked, id=544, stack(0x0000000026b60000,0x0000000026c60000)]
  0x000000001dc26800 JavaThread "Asynchronous log dispatcher for DefaultDaemonConnection: socket connection from /127.0.0.1:50614 to /127.0.0.1:50923" [_thread_blocked, id=3604, stack(0x0000000026a60000,0x0000000026b60000)]
  0x000000001dc2c800 JavaThread "Daemon worker Thread 2" [_thread_in_native, id=9792, stack(0x0000000026960000,0x0000000026a60000)]
  0x000000001dc2b800 JavaThread "Cancel handler" [_thread_blocked, id=6000, stack(0x0000000026860000,0x0000000026960000)]
  0x000000001dc2a000 JavaThread "Handler for socket connection from /127.0.0.1:50614 to /127.0.0.1:50923" [_thread_in_native, id=9184, stack(0x0000000025380000,0x0000000025480000)]
  0x000000001dc2b000 JavaThread "Daemon Thread 2" [_thread_blocked, id=5280, stack(0x00000000249a0000,0x0000000024aa0000)]
  0x000000001dc31800 JavaThread "Memory manager" [_thread_blocked, id=9224, stack(0x00000000246a0000,0x00000000247a0000)]
  0x000000001dc28000 JavaThread "Cache worker for execution history cache (C:\Users\prajw\.gradle\caches\5.6.4\executionHistory)" [_thread_blocked, id=2704, stack(0x0000000021110000,0x0000000021210000)]
  0x0000000019467000 JavaThread "Cache worker for journal cache (C:\Users\prajw\.gradle\caches\journal-1)" [_thread_blocked, id=6444, stack(0x000000001d2a0000,0x000000001d3a0000)]
  0x0000000019465800 JavaThread "File lock request listener" [_thread_in_native, id=9804, stack(0x000000001d1a0000,0x000000001d2a0000)]
  0x0000000019467800 JavaThread "Cache worker for file hash cache (C:\Users\prajw\.gradle\caches\5.6.4\fileHashes)" [_thread_blocked, id=8900, stack(0x000000001d0a0000,0x000000001d1a0000)]
  0x000000001adc2800 JavaThread "Daemon periodic checks" [_thread_blocked, id=9268, stack(0x000000001c3a0000,0x000000001c4a0000)]
  0x000000001949a000 JavaThread "Incoming local TCP Connector on port 50614" [_thread_in_native, id=9996, stack(0x000000001c160000,0x000000001c260000)]
  0x000000001872a800 JavaThread "Daemon health stats" [_thread_blocked, id=348, stack(0x000000001bb20000,0x000000001bc20000)]
  0x000000001852f800 JavaThread "Service Thread" daemon [_thread_blocked, id=5936, stack(0x0000000019180000,0x0000000019280000)]
  0x000000001669e000 JavaThread "C1 CompilerThread3" daemon [_thread_in_native, id=9700, stack(0x0000000019080000,0x0000000019180000)]
  0x00000000184a1000 JavaThread "C2 CompilerThread2" daemon [_thread_in_native, id=1616, stack(0x0000000018f80000,0x0000000019080000)]
=>0x000000001849e800 JavaThread "C2 CompilerThread1" daemon [_thread_in_native, id=6152, stack(0x0000000018e80000,0x0000000018f80000)]
  0x000000001849b800 JavaThread "C2 CompilerThread0" daemon [_thread_in_native, id=9088, stack(0x0000000018d80000,0x0000000018e80000)]
  0x000000001849a800 JavaThread "Attach Listener" daemon [_thread_blocked, id=10676, stack(0x0000000018c80000,0x0000000018d80000)]
  0x00000000184a6000 JavaThread "Signal Dispatcher" daemon [_thread_blocked, id=1920, stack(0x0000000018b80000,0x0000000018c80000)]
  0x00000000028cd800 JavaThread "Finalizer" daemon [_thread_blocked, id=2568, stack(0x0000000018970000,0x0000000018a70000)]
  0x0000000018490800 JavaThread "Reference Handler" daemon [_thread_blocked, id=5664, stack(0x0000000018870000,0x0000000018970000)]
  0x0000000000e0e800 JavaThread "main" [_thread_blocked, id=3552, stack(0x00000000026d0000,0x00000000027d0000)]

Other Threads:
  0x0000000016688000 VMThread [stack: 0x0000000018370000,0x0000000018470000] [id=10340]
  0x00000000184a3800 WatcherThread [stack: 0x0000000019280000,0x0000000019380000] [id=10720]

VM state:not at safepoint (normal execution)

VM Mutex/Monitor currently owned by a thread: None

heap address: 0x00000000a0000000, size: 1536 MB, Compressed Oops mode: 32-bit
Narrow klass base: 0x0000000000000000, Narrow klass shift: 3
Compressed class space size: 1073741824 Address: 0x0000000100000000

Heap:
 PSYoungGen      total 185344K, used 42531K [0x00000000e0000000, 0x00000000ef100000, 0x0000000100000000)
  eden space 163328K, 12% used [0x00000000e0000000,0x00000000e140b540,0x00000000e9f80000)
  from space 22016K, 99% used [0x00000000edb80000,0x00000000ef0fda80,0x00000000ef100000)
  to   space 25088K, 0% used [0x00000000ec000000,0x00000000ec000000,0x00000000ed880000)
 ParOldGen       total 151552K, used 36512K [0x00000000a0000000, 0x00000000a9400000, 0x00000000e0000000)
  object space 151552K, 24% used [0x00000000a0000000,0x00000000a23a8210,0x00000000a9400000)
 Metaspace       used 74014K, capacity 76950K, committed 77184K, reserved 1116160K
  class space    used 9851K, capacity 10499K, committed 10624K, reserved 1048576K

Card table byte_map: [0x0000000011c90000,0x0000000011fa0000] byte_map_base: 0x0000000011790000

Marking Bits: (ParMarkBitMap*) 0x00000000720e9f30
 Begin Bits: [0x00000000129a0000, 0x00000000141a0000)
 End Bits:   [0x00000000141a0000, 0x00000000159a0000)

Polling page: 0x0000000000df0000

CodeCache: size=245760Kb used=24781Kb max_used=24781Kb free=220978Kb
 bounds [0x00000000028d0000, 0x0000000004130000, 0x00000000118d0000]
 total_blobs=8558 nmethods=7732 adapters=738
 compilation: enabled

Compilation events (10 events):
Event: 3822.133 Thread 0x000000001669e000 9015       3       com.google.common.collect.ImmutableList::indexOf (14 bytes)
Event: 3822.133 Thread 0x000000001669e000 nmethod 9015 0x000000000338c5d0 code [0x000000000338c740, 0x000000000338c928]
Event: 3822.133 Thread 0x000000001669e000 9016       3       com.google.common.collect.Lists::indexOfImpl (51 bytes)
Event: 3822.134 Thread 0x000000001669e000 nmethod 9016 0x00000000038f48d0 code [0x00000000038f4ac0, 0x00000000038f5338]
Event: 3822.178 Thread 0x000000001669e000 9019       3       org.gradle.internal.component.external.model.maven.DefaultMavenModuleResolveMetadata::filterDependencies (224 bytes)
Event: 3822.254 Thread 0x000000001669e000 nmethod 9019 0x000000000411ff90 code [0x0000000004120420, 0x00000000041233a8]
Event: 3822.254 Thread 0x000000001669e000 9020       3       org.gradle.api.internal.artifacts.ivyservice.resolveengine.graph.selectors.SelectorStateResolver::selectBest (193 bytes)
Event: 3822.648 Thread 0x000000001849e800 9029   !   4       org.gradle.api.internal.attributes.DefaultImmutableAttributesFactory::doConcatIsolatable (146 bytes)
Event: 3822.821 Thread 0x000000001669e000 nmethod 9020 0x0000000002cc6f10 code [0x0000000002cc72c0, 0x0000000002cc9218]
Event: 3822.821 Thread 0x000000001669e000 9023       3       org.gradle.api.internal.artifacts.ivyservice.resolveengine.graph.builder.NodeState::visitOutgoingDependencies (259 bytes)

GC Heap History (10 events):
Event: 38.132 GC heap before
{Heap before GC invocations=11 (full 2):
 PSYoungGen      total 156672K, used 141824K [0x00000000e0000000, 0x00000000ecd80000, 0x0000000100000000)
  eden space 141824K, 100% used [0x00000000e0000000,0x00000000e8a80000,0x00000000e8a80000)
  from space 14848K, 0% used [0x00000000e9900000,0x00000000e9900000,0x00000000ea780000)
  to   space 14848K, 0% used [0x00000000e8a80000,0x00000000e8a80000,0x00000000e9900000)
 ParOldGen       total 102400K, used 16856K [0x00000000a0000000, 0x00000000a6400000, 0x00000000e0000000)
  object space 102400K, 16% used [0x00000000a0000000,0x00000000a10761b8,0x00000000a6400000)
 Metaspace       used 47972K, capacity 49464K, committed 49536K, reserved 1091584K
  class space    used 6416K, capacity 6763K, committed 6784K, reserved 1048576K
Event: 38.143 GC heap after
Heap after GC invocations=11 (full 2):
 PSYoungGen      total 156672K, used 14822K [0x00000000e0000000, 0x00000000ecb00000, 0x0000000100000000)
  eden space 141824K, 0% used [0x00000000e0000000,0x00000000e0000000,0x00000000e8a80000)
  from space 14848K, 99% used [0x00000000e8a80000,0x00000000e98f9bd8,0x00000000e9900000)
  to   space 17920K, 0% used [0x00000000eb980000,0x00000000eb980000,0x00000000ecb00000)
 ParOldGen       total 102400K, used 19537K [0x00000000a0000000, 0x00000000a6400000, 0x00000000e0000000)
  object space 102400K, 19% used [0x00000000a0000000,0x00000000a1314470,0x00000000a6400000)
 Metaspace       used 47972K, capacity 49464K, committed 49536K, reserved 1091584K
  class space    used 6416K, capacity 6763K, committed 6784K, reserved 1048576K
}
Event: 41.365 GC heap before
{Heap before GC invocations=12 (full 2):
 PSYoungGen      total 156672K, used 132270K [0x00000000e0000000, 0x00000000ecb00000, 0x0000000100000000)
  eden space 141824K, 82% used [0x00000000e0000000,0x00000000e72b2018,0x00000000e8a80000)
  from space 14848K, 99% used [0x00000000e8a80000,0x00000000e98f9bd8,0x00000000e9900000)
  to   space 17920K, 0% used [0x00000000eb980000,0x00000000eb980000,0x00000000ecb00000)
 ParOldGen       total 102400K, used 19537K [0x00000000a0000000, 0x00000000a6400000, 0x00000000e0000000)
  object space 102400K, 19% used [0x00000000a0000000,0x00000000a1314470,0x00000000a6400000)
 Metaspace       used 57080K, capacity 59054K, committed 59160K, reserved 1099776K
  class space    used 7757K, capacity 8228K, committed 8320K, reserved 1048576K
Event: 41.384 GC heap after
Heap after GC invocations=12 (full 2):
 PSYoungGen      total 186368K, used 17898K [0x00000000e0000000, 0x00000000ed180000, 0x0000000100000000)
  eden space 168448K, 0% used [0x00000000e0000000,0x00000000e0000000,0x00000000ea480000)
  from space 17920K, 99% used [0x00000000eb980000,0x00000000ecafa9e8,0x00000000ecb00000)
  to   space 21504K, 0% used [0x00000000ea480000,0x00000000ea480000,0x00000000eb980000)
 ParOldGen       total 102400K, used 22961K [0x00000000a0000000, 0x00000000a6400000, 0x00000000e0000000)
  object space 102400K, 22% used [0x00000000a0000000,0x00000000a166c500,0x00000000a6400000)
 Metaspace       used 57080K, capacity 59054K, committed 59160K, reserved 1099776K
  class space    used 7757K, capacity 8228K, committed 8320K, reserved 1048576K
}
Event: 41.384 GC heap before
{Heap before GC invocations=13 (full 3):
 PSYoungGen      total 186368K, used 17898K [0x00000000e0000000, 0x00000000ed180000, 0x0000000100000000)
  eden space 168448K, 0% used [0x00000000e0000000,0x00000000e0000000,0x00000000ea480000)
  from space 17920K, 99% used [0x00000000eb980000,0x00000000ecafa9e8,0x00000000ecb00000)
  to   space 21504K, 0% used [0x00000000ea480000,0x00000000ea480000,0x00000000eb980000)
 ParOldGen       total 102400K, used 22961K [0x00000000a0000000, 0x00000000a6400000, 0x00000000e0000000)
  object space 102400K, 22% used [0x00000000a0000000,0x00000000a166c500,0x00000000a6400000)
 Metaspace       used 57080K, capacity 59054K, committed 59160K, reserved 1099776K
  class space    used 7757K, capacity 8228K, committed 8320K, reserved 1048576K
Event: 41.627 GC heap after
Heap after GC invocations=13 (full 3):
 PSYoungGen      total 186368K, used 0K [0x00000000e0000000, 0x00000000ed180000, 0x0000000100000000)
  eden space 168448K, 0% used [0x00000000e0000000,0x00000000e0000000,0x00000000ea480000)
  from space 17920K, 0% used [0x00000000eb980000,0x00000000eb980000,0x00000000ecb00000)
  to   space 21504K, 0% used [0x00000000ea480000,0x00000000ea480000,0x00000000eb980000)
 ParOldGen       total 151552K, used 36220K [0x00000000a0000000, 0x00000000a9400000, 0x00000000e0000000)
  object space 151552K, 23% used [0x00000000a0000000,0x00000000a235f398,0x00000000a9400000)
 Metaspace       used 57027K, capacity 58876K, committed 59160K, reserved 1099776K
  class space    used 7742K, capacity 8205K, committed 8320K, reserved 1048576K
}
Event: 46.013 GC heap before
{Heap before GC invocations=14 (full 3):
 PSYoungGen      total 186368K, used 168448K [0x00000000e0000000, 0x00000000ed180000, 0x0000000100000000)
  eden space 168448K, 100% used [0x00000000e0000000,0x00000000ea480000,0x00000000ea480000)
  from space 17920K, 0% used [0x00000000eb980000,0x00000000eb980000,0x00000000ecb00000)
  to   space 21504K, 0% used [0x00000000ea480000,0x00000000ea480000,0x00000000eb980000)
 ParOldGen       total 151552K, used 36220K [0x00000000a0000000, 0x00000000a9400000, 0x00000000e0000000)
  object space 151552K, 23% used [0x00000000a0000000,0x00000000a235f398,0x00000000a9400000)
 Metaspace       used 64667K, capacity 66788K, committed 67072K, reserved 1107968K
  class space    used 8906K, capacity 9377K, committed 9472K, reserved 1048576K
Event: 46.023 GC heap after
Heap after GC invocations=14 (full 3):
 PSYoungGen      total 189952K, used 14122K [0x00000000e0000000, 0x00000000ef100000, 0x0000000100000000)
  eden space 168448K, 0% used [0x00000000e0000000,0x00000000e0000000,0x00000000ea480000)
  from space 21504K, 65% used [0x00000000ea480000,0x00000000eb24aa80,0x00000000eb980000)
  to   space 22016K, 0% used [0x00000000edb80000,0x00000000edb80000,0x00000000ef100000)
 ParOldGen       total 151552K, used 36228K [0x00000000a0000000, 0x00000000a9400000, 0x00000000e0000000)
  object space 151552K, 23% used [0x00000000a0000000,0x00000000a2361398,0x00000000a9400000)
 Metaspace       used 64667K, capacity 66788K, committed 67072K, reserved 1107968K
  class space    used 8906K, capacity 9377K, committed 9472K, reserved 1048576K
}
Event: 3161.498 GC heap before
{Heap before GC invocations=15 (full 3):
 PSYoungGen      total 189952K, used 182570K [0x00000000e0000000, 0x00000000ef100000, 0x0000000100000000)
  eden space 168448K, 100% used [0x00000000e0000000,0x00000000ea480000,0x00000000ea480000)
  from space 21504K, 65% used [0x00000000ea480000,0x00000000eb24aa80,0x00000000eb980000)
  to   space 22016K, 0% used [0x00000000edb80000,0x00000000edb80000,0x00000000ef100000)
 ParOldGen       total 151552K, used 36228K [0x00000000a0000000, 0x00000000a9400000, 0x00000000e0000000)
  object space 151552K, 23% used [0x00000000a0000000,0x00000000a2361398,0x00000000a9400000)
 Metaspace       used 73729K, capacity 76560K, committed 76800K, reserved 1116160K
  class space    used 9823K, capacity 10446K, committed 10496K, reserved 1048576K
Event: 3166.959 GC heap after
Heap after GC invocations=15 (full 3):
 PSYoungGen      total 185344K, used 22006K [0x00000000e0000000, 0x00000000ef100000, 0x0000000100000000)
  eden space 163328K, 0% used [0x00000000e0000000,0x00000000e0000000,0x00000000e9f80000)
  from space 22016K, 99% used [0x00000000edb80000,0x00000000ef0fda80,0x00000000ef100000)
  to   space 25088K, 0% used [0x00000000ec000000,0x00000000ec000000,0x00000000ed880000)
 ParOldGen       total 151552K, used 36512K [0x00000000a0000000, 0x00000000a9400000, 0x00000000e0000000)
  object space 151552K, 24% used [0x00000000a0000000,0x00000000a23a8210,0x00000000a9400000)
 Metaspace       used 73729K, capacity 76560K, committed 76800K, reserved 1116160K
  class space    used 9823K, capacity 10446K, committed 10496K, reserved 1048576K
}

Deoptimization events (10 events):
Event: 48.687 Thread 0x000000001ae1d800 Uncommon trap: reason=unstable_if action=reinterpret pc=0x0000000002b35e68 method=org.gradle.internal.logging.slf4j.OutputEventListenerBackedLogger.isLevelAtMost(Lorg/gradle/api/logging/LogLevel;)Z @ 11
Event: 48.778 Thread 0x000000001ae26800 Uncommon trap: reason=unstable_if action=reinterpret pc=0x0000000003df8a48 method=com.esotericsoftware.kryo.io.Input.require(I)I @ 180
Event: 48.779 Thread 0x000000001ae1d800 Uncommon trap: reason=unstable_if action=reinterpret pc=0x0000000003d73454 method=java.util.HashMap$HashIterator.<init>(Ljava/util/HashMap;)V @ 45
Event: 2371.979 Thread 0x000000001dc31800 Uncommon trap: reason=unstable_if action=reinterpret pc=0x0000000003728b74 method=java.text.SimpleDateFormat.zeroPaddingNumber(IIILjava/lang/StringBuffer;)V @ 41
Event: 3167.012 Thread 0x0000000018490800 Uncommon trap: reason=unstable_if action=reinterpret pc=0x000000000364dab8 method=java.lang.ref.Reference.tryHandlePending(Z)Z @ 20
Event: 3783.575 Thread 0x000000001dc2b000 Uncommon trap: reason=unstable_if action=reinterpret pc=0x0000000004051c8c method=org.gradle.internal.logging.sink.LogEventDispatcher.onOutput(Lorg/gradle/internal/logging/events/OutputEvent;)V @ 35
Event: 3783.610 Thread 0x000000001dc2b000 Uncommon trap: reason=unstable_if action=reinterpret pc=0x00000000040dac88 method=org.gradle.internal.logging.sink.OutputEventRenderer$3.onOutput(Lorg/gradle/internal/logging/events/OutputEvent;)V @ 37
Event: 3789.559 Thread 0x000000001dc2c800 Uncommon trap: reason=unstable_if action=reinterpret pc=0x000000000405da58 method=java.lang.Long.stringSize(J)I @ 11
Event: 3789.840 Thread 0x000000001dc2c800 Uncommon trap: reason=unstable_if action=reinterpret pc=0x000000000373ba70 method=org.gradle.internal.logging.sink.OutputEventTransformer.onOutput(Lorg/gradle/internal/logging/events/OutputEvent;)V @ 84
Event: 3813.862 Thread 0x000000001dc2c800 Uncommon trap: reason=bimorphic action=maybe_recompile pc=0x00000000030e5ecc method=com.google.common.cache.LocalCache$Segment.getEntry(Ljava/lang/Object;I)Lcom/google/common/cache/ReferenceEntry; @ 24

Classes redefined (0 events):
No events

Internal exceptions (10 events):
Event: 3799.276 Thread 0x000000001dc2c800 Exception <a 'java/lang/NoSuchMethodError': <clinit>> (0x00000000e0ca0d90) thrown at [D:\src\AOSP-openjdk-cygwin\jdk8u\hotspot\src\share\vm\prims\jni.cpp, line 1614]
Event: 3801.862 Thread 0x000000001dc2c800 Exception <a 'java/lang/NoSuchMethodError': <clinit>> (0x00000000e0cef9f0) thrown at [D:\src\AOSP-openjdk-cygwin\jdk8u\hotspot\src\share\vm\prims\jni.cpp, line 1614]
Event: 3801.906 Thread 0x000000001dc2c800 Exception <a 'java/lang/NoSuchMethodError': <clinit>> (0x00000000e0cfcca8) thrown at [D:\src\AOSP-openjdk-cygwin\jdk8u\hotspot\src\share\vm\prims\jni.cpp, line 1614]
Event: 3804.405 Thread 0x000000001dc2c800 Exception <a 'java/lang/NoSuchMethodError': <clinit>> (0x00000000e0e0e988) thrown at [D:\src\AOSP-openjdk-cygwin\jdk8u\hotspot\src\share\vm\prims\jni.cpp, line 1614]
Event: 3804.405 Thread 0x000000001dc2c800 Exception <a 'java/lang/NoSuchMethodError': <clinit>> (0x00000000e0e12ac0) thrown at [D:\src\AOSP-openjdk-cygwin\jdk8u\hotspot\src\share\vm\prims\jni.cpp, line 1614]
Event: 3804.405 Thread 0x000000001dc2c800 Exception <a 'java/lang/NoSuchMethodError': <clinit>> (0x00000000e0e14448) thrown at [D:\src\AOSP-openjdk-cygwin\jdk8u\hotspot\src\share\vm\prims\jni.cpp, line 1614]
Event: 3804.405 Thread 0x000000001dc2c800 Exception <a 'java/lang/NoSuchMethodError': <clinit>> (0x00000000e0e15948) thrown at [D:\src\AOSP-openjdk-cygwin\jdk8u\hotspot\src\share\vm\prims\jni.cpp, line 1614]
Event: 3804.405 Thread 0x000000001dc2c800 Exception <a 'java/lang/NoSuchMethodError': <clinit>> (0x00000000e0e17098) thrown at [D:\src\AOSP-openjdk-cygwin\jdk8u\hotspot\src\share\vm\prims\jni.cpp, line 1614]
Event: 3804.405 Thread 0x000000001dc2c800 Exception <a 'java/lang/NoSuchMethodError': <clinit>> (0x00000000e0e18698) thrown at [D:\src\AOSP-openjdk-cygwin\jdk8u\hotspot\src\share\vm\prims\jni.cpp, line 1614]
Event: 3804.405 Thread 0x000000001dc2c800 Exception <a 'java/lang/NoSuchMethodError': <clinit>> (0x00000000e0e19b38) thrown at [D:\src\AOSP-openjdk-cygwin\jdk8u\hotspot\src\share\vm\prims\jni.cpp, line 1614]

Events (10 events):
Event: 3821.417 Thread 0x000000001669e000 flushing nmethod 0x0000000002edac10
Event: 3821.501 Thread 0x000000001669e000 flushing nmethod 0x00000000031d4010
Event: 3821.501 Thread 0x000000001669e000 flushing nmethod 0x00000000031f9710
Event: 3821.503 Thread 0x000000001669e000 flushing nmethod 0x000000000338c750
Event: 3821.503 Thread 0x000000001669e000 flushing nmethod 0x000000000338d750
Event: 3821.524 Thread 0x000000001669e000 flushing nmethod 0x0000000003448e10
Event: 3821.524 Thread 0x000000001669e000 flushing nmethod 0x000000000346cd10
Event: 3821.801 Thread 0x000000001669e000 flushing nmethod 0x00000000037c43d0
Event: 3821.803 Thread 0x000000001849b800 flushing nmethod 0x00000000038f2ed0
Event: 3821.878 Thread 0x000000001669e000 flushing nmethod 0x0000000003eb06d0


Dynamic libraries:
0x00007ff652e50000 - 0x00007ff652e81000 	C:\Program Files\Android\Android Studio\jre\bin\java.exe
0x00007ffad0890000 - 0x00007ffad0a7d000 	C:\Windows\SYSTEM32\ntdll.dll
0x00007ffacdb30000 - 0x00007ffacdbe3000 	C:\Windows\System32\KERNEL32.DLL
0x00007ffacccf0000 - 0x00007ffaccf85000 	C:\Windows\System32\KERNELBASE.dll
0x00007ffad01b0000 - 0x00007ffad0253000 	C:\Windows\System32\ADVAPI32.dll
0x00007fface6d0000 - 0x00007fface76e000 	C:\Windows\System32\msvcrt.dll
0x00007ffad0350000 - 0x00007ffad03ee000 	C:\Windows\System32\sechost.dll
0x00007fface7e0000 - 0x00007fface902000 	C:\Windows\System32\RPCRT4.dll
0x00007ffacdbf0000 - 0x00007ffacdd87000 	C:\Windows\System32\USER32.dll
0x00007ffacd990000 - 0x00007ffacd9b0000 	C:\Windows\System32\win32u.dll
0x00007fface940000 - 0x00007fface969000 	C:\Windows\System32\GDI32.dll
0x00007ffacc950000 - 0x00007ffaccae9000 	C:\Windows\System32\gdi32full.dll
0x00007ffaccc50000 - 0x00007ffacccf0000 	C:\Windows\System32\msvcp_win.dll
0x00007ffaccb50000 - 0x00007ffaccc4a000 	C:\Windows\System32\ucrtbase.dll
0x00007ffab4020000 - 0x00007ffab4299000 	C:\Windows\WinSxS\amd64_microsoft.windows.common-controls_6595b64144ccf1df_6.0.17763.1158_none_de722d88534a897f\COMCTL32.dll
0x00007ffacfe80000 - 0x00007ffad01ac000 	C:\Windows\System32\combase.dll
0x00007ffacd910000 - 0x00007ffacd98e000 	C:\Windows\System32\bcryptPrimitives.dll
0x00007fface910000 - 0x00007fface93e000 	C:\Windows\System32\IMM32.DLL
0x0000000071760000 - 0x0000000071832000 	C:\Program Files\Android\Android Studio\jre\jre\bin\msvcr100.dll
0x0000000071920000 - 0x0000000072166000 	C:\Program Files\Android\Android Studio\jre\jre\bin\server\jvm.dll
0x00007ffad02e0000 - 0x00007ffad02e8000 	C:\Windows\System32\PSAPI.DLL
0x00007ffacb400000 - 0x00007ffacb40a000 	C:\Windows\SYSTEM32\VERSION.dll
0x00007ffac7da0000 - 0x00007ffac7dc4000 	C:\Windows\SYSTEM32\WINMM.dll
0x00007ffac05a0000 - 0x00007ffac05a9000 	C:\Windows\SYSTEM32\WSOCK32.dll
0x00007fface770000 - 0x00007fface7dd000 	C:\Windows\System32\WS2_32.dll
0x00007ffabf4a0000 - 0x00007ffabf4cd000 	C:\Windows\SYSTEM32\winmmbase.dll
0x00007ffacd9b0000 - 0x00007ffacd9fa000 	C:\Windows\System32\cfgmgr32.dll
0x00007ffac8e90000 - 0x00007ffac8e9f000 	C:\Program Files\Android\Android Studio\jre\jre\bin\verify.dll
0x00007ffac44f0000 - 0x00007ffac4519000 	C:\Program Files\Android\Android Studio\jre\jre\bin\java.dll
0x00007ffac5500000 - 0x00007ffac5516000 	C:\Program Files\Android\Android Studio\jre\jre\bin\zip.dll
0x00007fface970000 - 0x00007ffacfe64000 	C:\Windows\System32\SHELL32.dll
0x00007ffad05b0000 - 0x00007ffad0658000 	C:\Windows\System32\shcore.dll
0x00007ffaccf90000 - 0x00007ffacd6dd000 	C:\Windows\System32\windows.storage.dll
0x00007ffacc920000 - 0x00007ffacc944000 	C:\Windows\System32\profapi.dll
0x00007ffacc8c0000 - 0x00007ffacc91d000 	C:\Windows\System32\powrprof.dll
0x00007ffacdad0000 - 0x00007ffacdb22000 	C:\Windows\System32\shlwapi.dll
0x00007ffacc8a0000 - 0x00007ffacc8b1000 	C:\Windows\System32\kernel.appcore.dll
0x00007ffacd6e0000 - 0x00007ffacd6f7000 	C:\Windows\System32\cryptsp.dll
0x00007ffac44d0000 - 0x00007ffac44ea000 	C:\Program Files\Android\Android Studio\jre\jre\bin\net.dll
0x00007ffac5170000 - 0x00007ffac5347000 	C:\Windows\SYSTEM32\urlmon.dll
0x00007ffabd1c0000 - 0x00007ffabd468000 	C:\Windows\SYSTEM32\iertutil.dll
0x00007ffacc2c0000 - 0x00007ffacc2cc000 	C:\Windows\SYSTEM32\CRYPTBASE.DLL
0x00007ffacc0f0000 - 0x00007ffacc157000 	C:\Windows\system32\mswsock.dll
0x00007ffac44b0000 - 0x00007ffac44c3000 	C:\Program Files\Android\Android Studio\jre\jre\bin\nio.dll
0x00007ffab33b0000 - 0x00007ffab33d6000 	C:\Users\prajw\.gradle\native\30\windows-amd64\native-platform.dll
0x00007ffac5960000 - 0x00007ffac596d000 	C:\Program Files\Android\Android Studio\jre\jre\bin\management.dll
0x00007ffacbc70000 - 0x00007ffacbca3000 	C:\Windows\system32\rsaenh.dll
0x00007ffacd8e0000 - 0x00007ffacd906000 	C:\Windows\System32\bcrypt.dll
0x00007ffacc780000 - 0x00007ffacc7a8000 	C:\Windows\SYSTEM32\USERENV.dll
0x00007ffacbe10000 - 0x00007ffacbe4d000 	C:\Windows\SYSTEM32\IPHLPAPI.DLL
0x00007ffad06e0000 - 0x00007ffad06e8000 	C:\Windows\System32\NSI.dll
0x00007ffac6270000 - 0x00007ffac6286000 	C:\Windows\SYSTEM32\dhcpcsvc6.DLL
0x00007ffac6c70000 - 0x00007ffac6c8c000 	C:\Windows\SYSTEM32\dhcpcsvc.DLL
0x00007ffacbe50000 - 0x00007ffacbf17000 	C:\Windows\SYSTEM32\DNSAPI.dll

VM Arguments:
jvm_args: -Xmx1536m -Dfile.encoding=windows-1252 -Duser.country=US -Duser.language=en -Duser.variant 
java_command: org.gradle.launcher.daemon.bootstrap.GradleDaemon 5.6.4
java_class_path (initial): C:\Users\prajw\.gradle\wrapper\dists\gradle-5.6.4-all\ankdp27end7byghfw1q2sw75f\gradle-5.6.4\lib\gradle-launcher-5.6.4.jar
Launcher Type: SUN_STANDARD

Environment Variables:
JAVA_HOME=C:\JAVA\bin
PATH=C:\Program Files (x86)\Common Files\Oracle\Java\javapath;C:\Program Files (x86)\Intel\Intel(R) Management Engine Components\iCLS\;C:\Program Files\Intel\Intel(R) Management Engine Components\iCLS\;C:\Windows\system32;C:\Windows;C:\Windows\System32\Wbem;C:\Windows\System32\WindowsPowerShell\v1.0\;C:\Windows\System32\OpenSSH\;C:\Program Files (x86)\NVIDIA Corporation\PhysX\Common;C:\Program Files (x86)\Intel\Intel(R) Management Engine Components\DAL;C:\Program Files\Intel\Intel(R) Management Engine Components\DAL;C:\Program Files (x86)\Intel\Intel(R) Management Engine Components\IPT;C:\Program Files\Intel\Intel(R) Management Engine Components\IPT;C:\Program Files\Git\cmd;C:\Program Files\Git\mingw64\bin;C:\Program Files\Git\usr\bin;C:\Users\prajw\Anaconda3;C:\Users\prajw\Anaconda3\Library\mingw-w64\bin;C:\Users\prajw\Anaconda3\Library\usr\bin;C:\Users\prajw\Anaconda3\Library\bin;C:\Users\prajw\Anaconda3\Scripts;C:\Users\prajw\AppData\Local\Microsoft\WindowsApps
USERNAME=prajw
OS=Windows_NT
PROCESSOR_IDENTIFIER=Intel64 Family 6 Model 142 Stepping 10, GenuineIntel



---------------  S Y S T E M  ---------------

OS: Windows 10.0 , 64 bit Build 17763 (10.0.17763.1158)

CPU:total 8 (initial active 8) (4 cores per cpu, 2 threads per core) family 6 model 142 stepping 10, cmov, cx8, fxsr, mmx, sse, sse2, sse3, ssse3, sse4.1, sse4.2, popcnt, avx, avx2, aes, clmul, erms, 3dnowpref, lzcnt, ht, tsc, tscinvbit, bmi1, bmi2, adx

Memory: 4k page, physical 8268424k(585768k free), swap 33434248k(0k free)

vm_info: OpenJDK 64-Bit Server VM (25.212-b04) for windows-amd64 JRE (1.8.0_212-release-1586-b04), built by "builder" with MS VC++ 10.0 (VS2010)

time: Sat May 09 20:39:21 2020
timezone: India Standard Time
elapsed time: 3823 seconds (0d 1h 3m 43s)

